# JRE version: Java(TM) SE Runtime Environment (8.0_361) (build 1.8.0_361-b09)
# Java VM: Java HotSpot(TM) 64-Bit Server VM (25.361-b09 mixed mode windows-amd64 compressed oops)
Heap:
 PSYoungGen      total 1182208K, used 212893K [0x000000076b900000, 0x00000007c0000000, 0x00000007c0000000)
  eden space 1142784K, 15% used [0x000000076b900000,0x0000000776719280,0x00000007b1500000)
  from space 39424K, 87% used [0x00000007b5180000,0x00000007b734e258,0x00000007b7800000)
  to   space 61952K, 0% used [0x00000007b1500000,0x00000007b1500000,0x00000007b5180000)
 ParOldGen       total 754176K, used 233213K [0x00000006c2a00000, 0x00000006f0a80000, 0x000000076b900000)
  object space 754176K, 30% used [0x00000006c2a00000,0x00000006d0dbf530,0x00000006f0a80000)
 Metaspace       used 76161K, capacity 77594K, committed 77784K, reserved 1116160K
  class space    used 10720K, capacity 10939K, committed 10968K, reserved 1048576K
GC Heap History (10 events):
Event: 127.606 GC heap before
{Heap before GC invocations=33 (full 7):
 PSYoungGen      total 878080K, used 807008K [0x000000076b900000, 0x00000007b0000000, 0x00000007c0000000)
  eden space 805888K, 100% used [0x000000076b900000,0x000000079cc00000,0x000000079cc00000)
  from space 72192K, 1% used [0x000000079cc00000,0x000000079cd18000,0x00000007a1280000)
  to   space 70656K, 0% used [0x00000007abb00000,0x00000007abb00000,0x00000007b0000000)
 ParOldGen       total 754176K, used 230820K [0x00000006c2a00000, 0x00000006f0a80000, 0x000000076b900000)
  object space 754176K, 30% used [0x00000006c2a00000,0x00000006d0b693d0,0x00000006f0a80000)
 Metaspace       used 75868K, capacity 77146K, committed 77272K, reserved 1116160K
  class space    used 10714K, capacity 10929K, committed 10968K, reserved 1048576K
Event: 127.609 GC heap after
Heap after GC invocations=33 (full 7):
 PSYoungGen      total 1017856K, used 512K [0x000000076b900000, 0x00000007aee00000, 0x00000007c0000000)
  eden space 965632K, 0% used [0x000000076b900000,0x000000076b900000,0x00000007a6800000)
  from space 52224K, 0% used [0x00000007abb00000,0x00000007abb80000,0x00000007aee00000)
  to   space 68608K, 0% used [0x00000007a6800000,0x00000007a6800000,0x00000007aab00000)
 ParOldGen       total 754176K, used 231463K [0x00000006c2a00000, 0x00000006f0a80000, 0x000000076b900000)
  object space 754176K, 30% used [0x00000006c2a00000,0x00000006d0c09f40,0x00000006f0a80000)
 Metaspace       used 75868K, capacity 77146K, committed 77272K, reserved 1116160K
  class space    used 10714K, capacity 10929K, committed 10968K, reserved 1048576K
}
Event: 131.440 GC heap before
{Heap before GC invocations=34 (full 7):
 PSYoungGen      total 1017856K, used 966144K [0x000000076b900000, 0x00000007aee00000, 0x00000007c0000000)
  eden space 965632K, 100% used [0x000000076b900000,0x00000007a6800000,0x00000007a6800000)
  from space 52224K, 0% used [0x00000007abb00000,0x00000007abb80000,0x00000007aee00000)
  to   space 68608K, 0% used [0x00000007a6800000,0x00000007a6800000,0x00000007aab00000)
 ParOldGen       total 754176K, used 231463K [0x00000006c2a00000, 0x00000006f0a80000, 0x000000076b900000)
  object space 754176K, 30% used [0x00000006c2a00000,0x00000006d0c09f40,0x00000006f0a80000)
 Metaspace       used 75889K, capacity 77146K, committed 77272K, reserved 1116160K
  class space    used 10714K, capacity 10929K, committed 10968K, reserved 1048576K
Event: 131.444 GC heap after
Heap after GC invocations=34 (full 7):
 PSYoungGen      total 1034240K, used 1088K [0x000000076b900000, 0x00000007b9280000, 0x00000007c0000000)
  eden space 965632K, 0% used [0x000000076b900000,0x000000076b900000,0x00000007a6800000)
  from space 68608K, 1% used [0x00000007a6800000,0x00000007a6910000,0x00000007aab00000)
  to   space 66560K, 0% used [0x00000007b5180000,0x00000007b5180000,0x00000007b9280000)
 ParOldGen       total 754176K, used 231711K [0x00000006c2a00000, 0x00000006f0a80000, 0x000000076b900000)
  object space 754176K, 30% used [0x00000006c2a00000,0x00000006d0c47f40,0x00000006f0a80000)
 Metaspace       used 75889K, capacity 77146K, committed 77272K, reserved 1116160K
  class space    used 10714K, capacity 10929K, committed 10968K, reserved 1048576K
}
Event: 156.096 GC heap before
{Heap before GC invocations=35 (full 7):
 PSYoungGen      total 1034240K, used 966720K [0x000000076b900000, 0x00000007b9280000, 0x00000007c0000000)
  eden space 965632K, 100% used [0x000000076b900000,0x00000007a6800000,0x00000007a6800000)
  from space 68608K, 1% used [0x00000007a6800000,0x00000007a6910000,0x00000007aab00000)
  to   space 66560K, 0% used [0x00000007b5180000,0x00000007b5180000,0x00000007b9280000)
 ParOldGen       total 754176K, used 231711K [0x00000006c2a00000, 0x00000006f0a80000, 0x000000076b900000)
  object space 754176K, 30% used [0x00000006c2a00000,0x00000006d0c47f40,0x00000006f0a80000)
 Metaspace       used 76117K, capacity 77458K, committed 77528K, reserved 1116160K
  class space    used 10720K, capacity 10939K, committed 10968K, reserved 1048576K
Event: 156.100 GC heap after
Heap after GC invocations=35 (full 7):
 PSYoungGen      total 1157632K, used 7495K [0x000000076b900000, 0x00000007b7800000, 0x00000007c0000000)
  eden space 1118208K, 0% used [0x000000076b900000,0x000000076b900000,0x00000007afd00000)
  from space 39424K, 19% used [0x00000007b5180000,0x00000007b58d1df0,0x00000007b7800000)
  to   space 62976K, 0% used [0x00000007afd00000,0x00000007afd00000,0x00000007b3a80000)
 ParOldGen       total 754176K, used 231975K [0x00000006c2a00000, 0x00000006f0a80000, 0x000000076b900000)
  object space 754176K, 30% used [0x00000006c2a00000,0x00000006d0c89f40,0x00000006f0a80000)
 Metaspace       used 76117K, capacity 77458K, committed 77528K, reserved 1116160K
  class space    used 10720K, capacity 10939K, committed 10968K, reserved 1048576K
}
Event: 163.385 GC heap before
{Heap before GC invocations=36 (full 7):
 PSYoungGen      total 1157632K, used 1125703K [0x000000076b900000, 0x00000007b7800000, 0x00000007c0000000)
  eden space 1118208K, 100% used [0x000000076b900000,0x00000007afd00000,0x00000007afd00000)
  from space 39424K, 19% used [0x00000007b5180000,0x00000007b58d1df0,0x00000007b7800000)
  to   space 62976K, 0% used [0x00000007afd00000,0x00000007afd00000,0x00000007b3a80000)
 ParOldGen       total 754176K, used 231975K [0x00000006c2a00000, 0x00000006f0a80000, 0x000000076b900000)
  object space 754176K, 30% used [0x00000006c2a00000,0x00000006d0c89f40,0x00000006f0a80000)
 Metaspace       used 76136K, capacity 77458K, committed 77528K, reserved 1116160K
  class space    used 10720K, capacity 10939K, committed 10968K, reserved 1048576K
Event: 163.411 GC heap after
Heap after GC invocations=36 (full 7):
 PSYoungGen      total 1181184K, used 18198K [0x000000076b900000, 0x00000007b7800000, 0x00000007c0000000)
  eden space 1118208K, 0% used [0x000000076b900000,0x000000076b900000,0x00000007afd00000)
  from space 62976K, 28% used [0x00000007afd00000,0x00000007b0ec5ae0,0x00000007b3a80000)
  to   space 39424K, 0% used [0x00000007b5180000,0x00000007b5180000,0x00000007b7800000)
 ParOldGen       total 754176K, used 233181K [0x00000006c2a00000, 0x00000006f0a80000, 0x000000076b900000)
  object space 754176K, 30% used [0x00000006c2a00000,0x00000006d0db7530,0x00000006f0a80000)
 Metaspace       used 76136K, capacity 77458K, committed 77528K, reserved 1116160K
  class space    used 10720K, capacity 10939K, committed 10968K, reserved 1048576K
}
Event: 170.521 GC heap before
{Heap before GC invocations=37 (full 7):
 PSYoungGen      total 1181184K, used 1136406K [0x000000076b900000, 0x00000007b7800000, 0x00000007c0000000)
  eden space 1118208K, 100% used [0x000000076b900000,0x00000007afd00000,0x00000007afd00000)
  from space 62976K, 28% used [0x00000007afd00000,0x00000007b0ec5ae0,0x00000007b3a80000)
  to   space 39424K, 0% used [0x00000007b5180000,0x00000007b5180000,0x00000007b7800000)
 ParOldGen       total 754176K, used 233181K [0x00000006c2a00000, 0x00000006f0a80000, 0x000000076b900000)
  object space 754176K, 30% used [0x00000006c2a00000,0x00000006d0db7530,0x00000006f0a80000)
 Metaspace       used 76139K, capacity 77522K, committed 77784K, reserved 1116160K
  class space    used 10720K, capacity 10939K, committed 10968K, reserved 1048576K
Event: 170.531 GC heap after
Heap after GC invocations=37 (full 7):
 PSYoungGen      total 1182208K, used 34616K [0x000000076b900000, 0x00000007c0000000, 0x00000007c0000000)
  eden space 1142784K, 0% used [0x000000076b900000,0x000000076b900000,0x00000007b1500000)
  from space 39424K, 87% used [0x00000007b5180000,0x00000007b734e258,0x00000007b7800000)
  to   space 61952K, 0% used [0x00000007b1500000,0x00000007b1500000,0x00000007b5180000)
 ParOldGen       total 754176K, used 233213K [0x00000006c2a00000, 0x00000006f0a80000, 0x000000076b900000)
  object space 754176K, 30% used [0x00000006c2a00000,0x00000006d0dbf530,0x00000006f0a80000)
 Metaspace       used 76139K, capacity 77522K, committed 77784K, reserved 1116160K
  class space    used 10720K, capacity 10939K, committed 10968K, reserved 1048576K
}

